c:\users\newuser\documents\visual studio 2013\projects\csc2430hw7\csc2430hw7\debug\vc120.pdb
c:\users\newuser\documents\visual studio 2013\projects\csc2430hw7\csc2430hw7\debug\vc120.idb
c:\users\newuser\documents\visual studio 2013\projects\csc2430hw7\csc2430hw7\debug\client.obj
c:\users\newuser\documents\visual studio 2013\projects\csc2430hw7\csc2430hw7\debug\hobbit.obj
c:\users\newuser\documents\visual studio 2013\projects\csc2430hw7\csc2430hw7\debug\mystring.obj
c:\users\newuser\documents\visual studio 2013\projects\csc2430hw7\debug\csc2430hw7.ilk
c:\users\newuser\documents\visual studio 2013\projects\csc2430hw7\debug\csc2430hw7.exe
c:\users\newuser\documents\visual studio 2013\projects\csc2430hw7\debug\csc2430hw7.pdb
c:\users\newuser\documents\visual studio 2013\projects\csc2430hw7\csc2430hw7\debug\nativecodeanalysis.read.1.tlog
c:\users\newuser\documents\visual studio 2013\projects\csc2430hw7\csc2430hw7\debug\client.nativecodeanalysis.xml
c:\users\newuser\documents\visual studio 2013\projects\csc2430hw7\csc2430hw7\debug\hobbit.nativecodeanalysis.xml
c:\users\newuser\documents\visual studio 2013\projects\csc2430hw7\csc2430hw7\debug\mystring.nativecodeanalysis.xml
c:\users\newuser\documents\visual studio 2013\projects\csc2430hw7\csc2430hw7\debug\vc.nativecodeanalysis.all.xml
c:\users\newuser\documents\visual studio 2013\projects\csc2430hw7\debug\csc2430hw7.exe.lastcodeanalysissucceeded
c:\users\newuser\documents\visual studio 2013\projects\csc2430hw7\csc2430hw7\debug\csc2430hw7.tlog\cl.command.1.tlog
c:\users\newuser\documents\visual studio 2013\projects\csc2430hw7\csc2430hw7\debug\csc2430hw7.tlog\cl.read.1.tlog
c:\users\newuser\documents\visual studio 2013\projects\csc2430hw7\csc2430hw7\debug\csc2430hw7.tlog\cl.write.1.tlog
c:\users\newuser\documents\visual studio 2013\projects\csc2430hw7\csc2430hw7\debug\csc2430hw7.tlog\link.command.1.tlog
c:\users\newuser\documents\visual studio 2013\projects\csc2430hw7\csc2430hw7\debug\csc2430hw7.tlog\link.read.1.tlog
c:\users\newuser\documents\visual studio 2013\projects\csc2430hw7\csc2430hw7\debug\csc2430hw7.tlog\link.write.1.tlog
